<?xml version="1.0" encoding="UTF-8"?>
<!-- Generated by org.testng.reporters.JUnitReportReporter -->
<testsuite name="com.qa.restassured.StaticJson" tests="1" time="5.419" ignored="0" failures="0" timestamp="26 Jul 2020 16:39:46 GMT" skipped="0" hostname="win8" errors="0">
  <testcase name="addBook" time="5.419" classname="com.qa.restassured.StaticJson"/>
</testsuite> <!-- com.qa.restassured.StaticJson -->
