<?xml version="1.0" encoding="UTF-8"?>
<!-- Generated by org.testng.reporters.JUnitReportReporter -->
<testsuite name="com.qa.restassured.SumValidation" tests="1" time="2.062" ignored="0" failures="0" timestamp="26 Jul 2020 10:34:08 GMT" skipped="0" hostname="win8" errors="0">
  <testcase name="sumPurchaseamount" time="2.062" classname="com.qa.restassured.SumValidation"/>
</testsuite> <!-- com.qa.restassured.SumValidation -->
