<?xml version="1.0" encoding="UTF-8"?>
<!-- Generated by org.testng.reporters.JUnitReportReporter -->
<testsuite name="com.qa.restassured.DynamicJson" tests="3" time="6.676" ignored="0" failures="0" timestamp="26 Jul 2020 16:17:53 GMT" skipped="0" hostname="win8" errors="0">
  <testcase name="addBook" time="0.289" classname="com.qa.restassured.DynamicJson"/>
  <testcase name="addBook" time="6.054" classname="com.qa.restassured.DynamicJson"/>
  <testcase name="addBook" time="0.333" classname="com.qa.restassured.DynamicJson"/>
</testsuite> <!-- com.qa.restassured.DynamicJson -->
